<?xml version="1.0" encoding="UTF-8"?>
<testsuite name="CalculatorTest" tests="2" skipped="0" failures="0" errors="0" timestamp="2022-10-24T23:29:26" hostname="MacBook-Air-Macbook.local" time="0.019">
  <properties/>
  <testcase name="[1] 10, 7, 3" classname="CalculatorTest" time="0.016"/>
  <testcase name="[2] 20, 15, 5" classname="CalculatorTest" time="0.0"/>
  <system-out><![CDATA[]]></system-out>
  <system-err><![CDATA[]]></system-err>
</testsuite>
